<?xml version="1.0" encoding="UTF-8"?>
<!-- Generated by org.testng.reporters.JUnitReportReporter -->
<testsuite hostname="ANSH-OFFC" failures="0" tests="4" name="cucumberOptions.Testrunner" time="25.547" errors="0" timestamp="2023-07-03T11:40:41 IST" skipped="0">
  <testcase classname="cucumberOptions.Testrunner" name="runScenario" time="5.772"/>
  <system-out/>
  <testcase classname="cucumberOptions.Testrunner" name="runScenario" time="4.453"/>
  <system-out/>
  <testcase classname="cucumberOptions.Testrunner" name="runScenario" time="9.853"/>
  <system-out/>
  <testcase classname="cucumberOptions.Testrunner" name="runScenario" time="5.469"/>
  <system-out/>
</testsuite> <!-- cucumberOptions.Testrunner -->
