<?xml version="1.0" encoding="UTF-8"?>
<!-- Generated by org.testng.reporters.JUnitReportReporter -->
<testsuite hostname="ANSH-OFFC" failures="0" tests="3" name="cucumberOptions.Testrunner" time="15.703" errors="0" timestamp="2023-07-02T12:06:33 IST" skipped="0">
  <testcase classname="cucumberOptions.Testrunner" name="runScenario" time="4.506"/>
  <system-out/>
  <testcase classname="cucumberOptions.Testrunner" name="runScenario" time="6.480"/>
  <system-out/>
  <testcase classname="cucumberOptions.Testrunner" name="runScenario" time="4.717"/>
  <system-out/>
</testsuite> <!-- cucumberOptions.Testrunner -->
