<?xml version="1.0" encoding="UTF-8"?>
<!-- Generated by org.testng.reporters.JUnitReportReporter -->
<testsuite hostname="ANSH-OFFC" failures="0" tests="2" name="anshCode.cucumberOptions.Testrunner" time="0.288" errors="0" timestamp="2023-06-19T11:52:36 IST" skipped="0">
  <testcase classname="anshCode.cucumberOptions.Testrunner" name="runScenario" time="0.016"/>
  <system-out/>
  <testcase classname="anshCode.cucumberOptions.Testrunner" name="runScenario" time="0.272"/>
  <system-out/>
</testsuite> <!-- anshCode.cucumberOptions.Testrunner -->
